<?xml version="1.0" encoding="UTF-8"?>
<!-- Generated by org.testng.reporters.JUnitXMLReporter -->
<testsuite ignored="0" hostname="DESKTOP-ISIJ8S4" failures="0" tests="6" name="Default test" time="28.396" errors="0" timestamp="2022-03-06T23:02:46 BDT">
  <testcase classname="test.TC001_Test" name="registrationTest" time="8.924"/>
  <testcase classname="test.TC001_Test" name="logInTest" time="1.366"/>
  <testcase classname="test.TC001_Test" name="openNewAccountTest" time="2.328"/>
  <testcase classname="test.TC001_Test" name="tranasferFundTest" time="6.837"/>
  <testcase classname="test.TC001_Test" name="findTransactionTest" time="4.015"/>
  <testcase classname="test.TC001_Test" name="infoUpdateTest" time="4.577"/>
</testsuite> <!-- Default test -->
