<?xml version="1.0" encoding="UTF-8"?>
<!-- Generated by org.testng.reporters.JUnitXMLReporter -->
<testsuite ignored="0" hostname="DESKTOP-ISIJ8S4" failures="0" tests="6" name="Default test" time="29.205" errors="0" timestamp="2022-03-06T21:03:58 BDT">
  <testcase classname="test.TC001_Test" name="registrationTest" time="9.246"/>
  <testcase classname="test.TC001_Test" name="logInTest" time="1.922"/>
  <testcase classname="test.TC001_Test" name="openNewAccountTest" time="2.506"/>
  <testcase classname="test.TC001_Test" name="tranasferFundTest" time="6.651"/>
  <testcase classname="test.TC001_Test" name="findTransactionTest" time="3.625"/>
  <testcase classname="test.TC001_Test" name="infoUpdateTest" time="4.427"/>
</testsuite> <!-- Default test -->
