<?xml version="1.0" encoding="UTF-8"?>
<testng-results ignored="0" total="1" passed="1" failed="0" skipped="0">
  <reporter-output>
  </reporter-output>
  <suite started-at="2022-03-03T20:48:00 BDT" name="Default suite" finished-at="2022-03-03T20:48:08 BDT" duration-ms="7983">
    <groups>
    </groups>
    <test started-at="2022-03-03T20:48:00 BDT" name="Default test" finished-at="2022-03-03T20:48:08 BDT" duration-ms="7983">
      <class name="test.TC001_Test">
        <test-method is-config="true" signature="setup()[pri:0, instance:test.TC001_Test@35cabb2a]" started-at="2022-03-03T20:47:50 BDT" name="setup" finished-at="2022-03-03T20:48:00 BDT" duration-ms="10477" status="PASS">
          <reporter-output>
          </reporter-output>
        </test-method> <!-- setup -->
        <test-method signature="test1()[pri:0, instance:test.TC001_Test@35cabb2a]" started-at="2022-03-03T20:48:01 BDT" name="test1" finished-at="2022-03-03T20:48:08 BDT" duration-ms="7903" status="PASS">
          <reporter-output>
          </reporter-output>
        </test-method> <!-- test1 -->
      </class> <!-- test.TC001_Test -->
    </test> <!-- Default test -->
  </suite> <!-- Default suite -->
</testng-results>
