<?xml version="1.0" encoding="UTF-8"?>
<!-- Generated by org.testng.reporters.JUnitXMLReporter -->
<testsuite ignored="0" hostname="DESKTOP-ISIJ8S4" failures="0" tests="6" name="Test" time="22.819" errors="0" timestamp="2022-03-06T19:55:56 BDT">
  <testcase classname="test.TC001_Test" name="registrationTest" time="6.015"/>
  <testcase classname="test.TC001_Test" name="logIn" time="0.988"/>
  <testcase classname="test.TC001_Test" name="openNewacount" time="1.736"/>
  <testcase classname="test.TC001_Test" name="tranasferFund" time="6.324"/>
  <testcase classname="test.TC001_Test" name="findTransaction" time="3.461"/>
  <testcase classname="test.TC001_Test" name="infoUpdate" time="4.11"/>
</testsuite> <!-- Test -->
